This is pdfTeX, Version 3.141592653-2.6-1.40.27 (TeX Live 2025) (preloaded format=pdflatex 2025.3.14)  18 JUL 2025 15:44
entering extended mode
 restricted \write18 enabled.
 %&-line parsing enabled.
**response.tex
(./response.tex
LaTeX2e <2024-11-01> patch level 2
L3 programming layer <2025-01-18>
(/usr/local/texlive/2025/texmf-dist/tex/latex/acmart/acmart.cls
Document Class: acmart 2024/12/28 v2.12 Typesetting articles for the Associatio
n for Computing Machinery
(/usr/local/texlive/2025/texmf-dist/tex/latex/xkeyval/xkeyval.sty
Package: xkeyval 2022/06/16 v2.9 package option processing (HA)

(/usr/local/texlive/2025/texmf-dist/tex/generic/xkeyval/xkeyval.tex
(/usr/local/texlive/2025/texmf-dist/tex/generic/xkeyval/xkvutils.tex
\XKV@toks=\toks17
\XKV@tempa@toks=\toks18

(/usr/local/texlive/2025/texmf-dist/tex/generic/xkeyval/keyval.tex))
\XKV@depth=\count196
File: xkeyval.tex 2014/12/03 v2.7a key=value parser (HA)
))
(/usr/local/texlive/2025/texmf-dist/tex/generic/xstring/xstring.sty
(/usr/local/texlive/2025/texmf-dist/tex/generic/xstring/xstring.tex
\xs_counta=\count197
\xs_countb=\count198
)
Package: xstring 2023/08/22 v1.86 String manipulations (CT)
)
(/usr/local/texlive/2025/texmf-dist/tex/generic/iftex/iftex.sty
Package: iftex 2024/12/12 v1.0g TeX engine tests
)
Package acmart Info: Not using screen mode on input line 76.
Package acmart Info: Using breaking urls on hyphens on input line 84.
Package acmart Info: Requiring acmthm on input line 92.
Package acmart Info: Not using review mode on input line 101.
Package acmart Info: Not using authorversion mode on input line 109.
Package acmart Info: Not using nonacm mode on input line 121.
Package acmart Info: Explicitly selecting natbib mode on input line 137.
Package acmart Info: Not using anonymous mode on input line 145.
Package acmart Info: Not using timestamp mode on input line 153.
Package acmart Info: Not using authordraft mode on input line 163.
Package acmart Info: Using nonacm mode on input line 178.
Class acmart Info: Using format sigconf, number 4 on input line 178.
Class acmart Info: Using fontsize 9pt on input line 280.

(/usr/local/texlive/2025/texmf-dist/tex/latex/amscls/amsart.cls
Document Class: amsart 2020/05/29 v2.20.6
\linespacing=\dimen141
\normalparindent=\dimen142
\normaltopskip=\skip49
(/usr/local/texlive/2025/texmf-dist/tex/latex/amsmath/amsmath.sty
Package: amsmath 2024/11/05 v2.17t AMS math features
\@mathmargin=\skip50

For additional information on amsmath, use the `?' option.
(/usr/local/texlive/2025/texmf-dist/tex/latex/amsmath/amstext.sty
Package: amstext 2021/08/26 v2.01 AMS text

(/usr/local/texlive/2025/texmf-dist/tex/latex/amsmath/amsgen.sty
File: amsgen.sty 1999/11/30 v2.0 generic functions
\@emptytoks=\toks19
\ex@=\dimen143
))
(/usr/local/texlive/2025/texmf-dist/tex/latex/amsmath/amsbsy.sty
Package: amsbsy 1999/11/29 v1.2d Bold Symbols
\pmbraise@=\dimen144
)
(/usr/local/texlive/2025/texmf-dist/tex/latex/amsmath/amsopn.sty
Package: amsopn 2022/04/08 v2.04 operator names
)
\inf@bad=\count199
LaTeX Info: Redefining \frac on input line 233.
\uproot@=\count266
\leftroot@=\count267
LaTeX Info: Redefining \overline on input line 398.
LaTeX Info: Redefining \colon on input line 409.
\classnum@=\count268
\DOTSCASE@=\count269
LaTeX Info: Redefining \ldots on input line 495.
LaTeX Info: Redefining \dots on input line 498.
LaTeX Info: Redefining \cdots on input line 619.
\Mathstrutbox@=\box52
\strutbox@=\box53
LaTeX Info: Redefining \big on input line 721.
LaTeX Info: Redefining \Big on input line 722.
LaTeX Info: Redefining \bigg on input line 723.
LaTeX Info: Redefining \Bigg on input line 724.
\big@size=\dimen145
LaTeX Font Info:    Redeclaring font encoding OML on input line 742.
LaTeX Font Info:    Redeclaring font encoding OMS on input line 743.
\macc@depth=\count270
LaTeX Info: Redefining \bmod on input line 904.
LaTeX Info: Redefining \pmod on input line 909.
LaTeX Info: Redefining \smash on input line 939.
LaTeX Info: Redefining \relbar on input line 969.
LaTeX Info: Redefining \Relbar on input line 970.
\c@MaxMatrixCols=\count271
\dotsspace@=\muskip17
\c@parentequation=\count272
\dspbrk@lvl=\count273
\tag@help=\toks20
\row@=\count274
\column@=\count275
\maxfields@=\count276
\andhelp@=\toks21
\eqnshift@=\dimen146
\alignsep@=\dimen147
\tagshift@=\dimen148
\tagwidth@=\dimen149
\totwidth@=\dimen150
\lineht@=\dimen151
\@envbody=\toks22
\multlinegap=\skip51
\multlinetaggap=\skip52
\mathdisplay@stack=\toks23
LaTeX Info: Redefining \[ on input line 2953.
LaTeX Info: Redefining \] on input line 2954.
)
LaTeX Font Info:    Trying to load font information for U+msa on input line 397
.

(/usr/local/texlive/2025/texmf-dist/tex/latex/amsfonts/umsa.fd
File: umsa.fd 2013/01/14 v3.01 AMS symbols A
)
(/usr/local/texlive/2025/texmf-dist/tex/latex/amsfonts/amsfonts.sty
Package: amsfonts 2013/01/14 v3.01 Basic AMSFonts support
\symAMSa=\mathgroup4
\symAMSb=\mathgroup5
LaTeX Font Info:    Redeclaring math symbol \hbar on input line 98.
LaTeX Font Info:    Overwriting math alphabet `\mathfrak' in version `bold'
(Font)                  U/euf/m/n --> U/euf/b/n on input line 106.
)
\copyins=\insert252
\abstractbox=\box54
\listisep=\skip53
\c@part=\count277
\c@section=\count278
\c@subsection=\count279
\c@subsubsection=\count280
\c@paragraph=\count281
\c@subparagraph=\count282
\c@figure=\count283
\c@table=\count284
\abovecaptionskip=\skip54
\belowcaptionskip=\skip55
\captionindent=\dimen152
\thm@style=\toks24
\thm@bodyfont=\toks25
\thm@headfont=\toks26
\thm@notefont=\toks27
\thm@headpunct=\toks28
\thm@preskip=\skip56
\thm@postskip=\skip57
\thm@headsep=\skip58
\dth@everypar=\toks29
)
(/usr/local/texlive/2025/texmf-dist/tex/latex/microtype/microtype.sty
Package: microtype 2025/02/11 v3.2a Micro-typographical refinements (RS)

(/usr/local/texlive/2025/texmf-dist/tex/latex/etoolbox/etoolbox.sty
Package: etoolbox 2025/02/11 v2.5l e-TeX tools for LaTeX (JAW)
\etb@tempcnta=\count285
)
\MT@toks=\toks30
\MT@tempbox=\box55
\MT@count=\count286
LaTeX Info: Redefining \noprotrusionifhmode on input line 1087.
LaTeX Info: Redefining \leftprotrusion on input line 1088.
\MT@prot@toks=\toks31
LaTeX Info: Redefining \rightprotrusion on input line 1107.
LaTeX Info: Redefining \textls on input line 1449.
\MT@outer@kern=\dimen153
LaTeX Info: Redefining \microtypecontext on input line 2053.
LaTeX Info: Redefining \textmicrotypecontext on input line 2070.
\MT@listname@count=\count287

(/usr/local/texlive/2025/texmf-dist/tex/latex/microtype/microtype-pdftex.def
File: microtype-pdftex.def 2025/02/11 v3.2a Definitions specific to pdftex (RS)

LaTeX Info: Redefining \lsstyle on input line 944.
LaTeX Info: Redefining \lslig on input line 944.
\MT@outer@space=\skip59
)
Package microtype Info: Loading configuration file microtype.cfg.

(/usr/local/texlive/2025/texmf-dist/tex/latex/microtype/microtype.cfg
File: microtype.cfg 2025/02/11 v3.2a microtype main configuration file (RS)
)
LaTeX Info: Redefining \microtypesetup on input line 3065.
)
(/usr/local/texlive/2025/texmf-dist/tex/latex/booktabs/booktabs.sty
Package: booktabs 2020/01/12 v1.61803398 Publication quality tables
\heavyrulewidth=\dimen154
\lightrulewidth=\dimen155
\cmidrulewidth=\dimen156
\belowrulesep=\dimen157
\belowbottomsep=\dimen158
\aboverulesep=\dimen159
\abovetopsep=\dimen160
\cmidrulesep=\dimen161
\cmidrulekern=\dimen162
\defaultaddspace=\dimen163
\@cmidla=\count288
\@cmidlb=\count289
\@aboverulesep=\dimen164
\@belowrulesep=\dimen165
\@thisruleclass=\count290
\@lastruleclass=\count291
\@thisrulewidth=\dimen166
)
(/usr/local/texlive/2025/texmf-dist/tex/latex/refcount/refcount.sty
Package: refcount 2019/12/15 v3.6 Data extraction from label references (HO)

(/usr/local/texlive/2025/texmf-dist/tex/generic/ltxcmds/ltxcmds.sty
Package: ltxcmds 2023-12-04 v1.26 LaTeX kernel commands for general use (HO)
)
(/usr/local/texlive/2025/texmf-dist/tex/generic/infwarerr/infwarerr.sty
Package: infwarerr 2019/12/03 v1.5 Providing info/warning/error messages (HO)
))
(/usr/local/texlive/2025/texmf-dist/tex/latex/totpages/totpages.sty
Package: totpages 2005/09/19 v2.00 Totpages Package (muewi)

(/usr/local/texlive/2025/texmf-dist/tex/latex/everyshi/everyshi.sty
Package: everyshi 2020/11/18 v4.00 EveryShipout Package
))
(/usr/local/texlive/2025/texmf-dist/tex/latex/environ/environ.sty
Package: environ 2014/05/04 v0.3 A new way to define environments

(/usr/local/texlive/2025/texmf-dist/tex/latex/trimspaces/trimspaces.sty
Package: trimspaces 2009/09/17 v1.1 Trim spaces around a token list
))
\@ACM@acmcp@delta=\dimen167

(/usr/local/texlive/2025/texmf-dist/tex/latex/natbib/natbib.sty
Package: natbib 2010/09/13 8.31b (PWD, AO)
\bibhang=\skip60
\bibsep=\skip61
LaTeX Info: Redefining \cite on input line 694.
\c@NAT@ctr=\count292
)
(/usr/local/texlive/2025/texmf-dist/tex/latex/hyperref/hyperref.sty
Package: hyperref 2024-11-05 v7.01l Hypertext links for LaTeX

(/usr/local/texlive/2025/texmf-dist/tex/latex/kvsetkeys/kvsetkeys.sty
Package: kvsetkeys 2022-10-05 v1.19 Key value parser (HO)
)
(/usr/local/texlive/2025/texmf-dist/tex/generic/kvdefinekeys/kvdefinekeys.sty
Package: kvdefinekeys 2019-12-19 v1.6 Define keys (HO)
)
(/usr/local/texlive/2025/texmf-dist/tex/generic/pdfescape/pdfescape.sty
Package: pdfescape 2019/12/09 v1.15 Implements pdfTeX's escape features (HO)

(/usr/local/texlive/2025/texmf-dist/tex/generic/pdftexcmds/pdftexcmds.sty
Package: pdftexcmds 2020-06-27 v0.33 Utility functions of pdfTeX for LuaTeX (HO
)
Package pdftexcmds Info: \pdf@primitive is available.
Package pdftexcmds Info: \pdf@ifprimitive is available.
Package pdftexcmds Info: \pdfdraftmode found.
))
(/usr/local/texlive/2025/texmf-dist/tex/latex/hycolor/hycolor.sty
Package: hycolor 2020-01-27 v1.10 Color options for hyperref/bookmark (HO)
)
(/usr/local/texlive/2025/texmf-dist/tex/latex/hyperref/nameref.sty
Package: nameref 2023-11-26 v2.56 Cross-referencing by name of section

(/usr/local/texlive/2025/texmf-dist/tex/generic/gettitlestring/gettitlestring.s
ty
Package: gettitlestring 2019/12/15 v1.6 Cleanup title references (HO)
 (/usr/local/texlive/2025/texmf-dist/tex/latex/kvoptions/kvoptions.sty
Package: kvoptions 2022-06-15 v3.15 Key value format for package options (HO)
))
\c@section@level=\count293
)
(/usr/local/texlive/2025/texmf-dist/tex/generic/stringenc/stringenc.sty
Package: stringenc 2019/11/29 v1.12 Convert strings between diff. encodings (HO
)
)
\@linkdim=\dimen168
\Hy@linkcounter=\count294
\Hy@pagecounter=\count295

(/usr/local/texlive/2025/texmf-dist/tex/latex/hyperref/pd1enc.def
File: pd1enc.def 2024-11-05 v7.01l Hyperref: PDFDocEncoding definition (HO)
Now handling font encoding PD1 ...
... no UTF-8 mapping file for font encoding PD1
)
(/usr/local/texlive/2025/texmf-dist/tex/generic/intcalc/intcalc.sty
Package: intcalc 2019/12/15 v1.3 Expandable calculations with integers (HO)
)
\Hy@SavedSpaceFactor=\count296

(/usr/local/texlive/2025/texmf-dist/tex/latex/hyperref/puenc.def
File: puenc.def 2024-11-05 v7.01l Hyperref: PDF Unicode definition (HO)
Now handling font encoding PU ...
... no UTF-8 mapping file for font encoding PU
)
Package hyperref Info: Option `bookmarksnumbered' set `true' on input line 4040
.
Package hyperref Info: Option `unicode' set `true' on input line 4040.
Package hyperref Info: Hyper figures OFF on input line 4157.
Package hyperref Info: Link nesting OFF on input line 4162.
Package hyperref Info: Hyper index ON on input line 4165.
Package hyperref Info: Plain pages OFF on input line 4172.
Package hyperref Info: Backreferencing OFF on input line 4177.
Package hyperref Info: Implicit mode ON; LaTeX internals redefined.
Package hyperref Info: Bookmarks ON on input line 4424.
\c@Hy@tempcnt=\count297

(/usr/local/texlive/2025/texmf-dist/tex/latex/url/url.sty
\Urlmuskip=\muskip18
Package: url 2013/09/16  ver 3.4  Verb mode for urls, etc.
)
LaTeX Info: Redefining \url on input line 4763.
\XeTeXLinkMargin=\dimen169

(/usr/local/texlive/2025/texmf-dist/tex/generic/bitset/bitset.sty
Package: bitset 2019/12/09 v1.3 Handle bit-vector datatype (HO)

(/usr/local/texlive/2025/texmf-dist/tex/generic/bigintcalc/bigintcalc.sty
Package: bigintcalc 2019/12/15 v1.5 Expandable calculations on big integers (HO
)
))
\Fld@menulength=\count298
\Field@Width=\dimen170
\Fld@charsize=\dimen171
Package hyperref Info: Hyper figures OFF on input line 6042.
Package hyperref Info: Link nesting OFF on input line 6047.
Package hyperref Info: Hyper index ON on input line 6050.
Package hyperref Info: backreferencing OFF on input line 6057.
Package hyperref Info: Link coloring OFF on input line 6062.
Package hyperref Info: Link coloring with OCG OFF on input line 6067.
Package hyperref Info: PDF/A mode OFF on input line 6072.

(/usr/local/texlive/2025/texmf-dist/tex/latex/base/atbegshi-ltx.sty
Package: atbegshi-ltx 2021/01/10 v1.0c Emulation of the original atbegshi
package with kernel methods
)
\Hy@abspage=\count299
\c@Item=\count300
\c@Hfootnote=\count301
)
Package hyperref Info: Driver (autodetected): hpdftex.

(/usr/local/texlive/2025/texmf-dist/tex/latex/hyperref/hpdftex.def
File: hpdftex.def 2024-11-05 v7.01l Hyperref driver for pdfTeX

(/usr/local/texlive/2025/texmf-dist/tex/latex/base/atveryend-ltx.sty
Package: atveryend-ltx 2020/08/19 v1.0a Emulation of the original atveryend pac
kage
with kernel methods
)
\Fld@listcount=\count302
\c@bookmark@seq@number=\count303

(/usr/local/texlive/2025/texmf-dist/tex/latex/rerunfilecheck/rerunfilecheck.sty
Package: rerunfilecheck 2022-07-10 v1.10 Rerun checks for auxiliary files (HO)

(/usr/local/texlive/2025/texmf-dist/tex/generic/uniquecounter/uniquecounter.sty
Package: uniquecounter 2019/12/15 v1.4 Provide unlimited unique counter (HO)
)
Package uniquecounter Info: New unique counter `rerunfilecheck' on input line 2
85.
)
\Hy@SectionHShift=\skip62
) (/usr/local/texlive/2025/texmf-dist/tex/latex/hyperxmp/hyperxmp.sty
Package: hyperxmp 2024/03/17 v5.13 Store hyperref metadata in XMP format
\hyxmp@aep@toks=\toks32

(/usr/local/texlive/2025/texmf-dist/tex/latex/ifmtarg/ifmtarg.sty
Package: ifmtarg 2018/04/16 v1.2b check for an empty argument
)
(/usr/local/texlive/2025/texmf-dist/tex/latex/base/ifthen.sty
Package: ifthen 2024/03/16 v1.1e Standard LaTeX ifthen package (DPC)
)
\@hyxmp@count=\count304

(/usr/local/texlive/2025/texmf-dist/tex/latex/oberdiek/ifdraft.sty
Package: ifdraft 2016/05/16 v1.4 Detect class options draft and final (HO)
)
(/usr/local/texlive/2025/texmf-dist/tex/generic/iftex/ifluatex.sty
Package: ifluatex 2019/10/25 v1.5 ifluatex legacy package. Use iftex instead.
))
(/usr/local/texlive/2025/texmf-dist/tex/latex/graphics/graphicx.sty
Package: graphicx 2021/09/16 v1.2d Enhanced LaTeX Graphics (DPC,SPQR)

(/usr/local/texlive/2025/texmf-dist/tex/latex/graphics/graphics.sty
Package: graphics 2024/08/06 v1.4g Standard LaTeX Graphics (DPC,SPQR)

(/usr/local/texlive/2025/texmf-dist/tex/latex/graphics/trig.sty
Package: trig 2023/12/02 v1.11 sin cos tan (DPC)
)
(/usr/local/texlive/2025/texmf-dist/tex/latex/graphics-cfg/graphics.cfg
File: graphics.cfg 2016/06/04 v1.11 sample graphics configuration
)
Package graphics Info: Driver file: pdftex.def on input line 106.

(/usr/local/texlive/2025/texmf-dist/tex/latex/graphics-def/pdftex.def
File: pdftex.def 2024/04/13 v1.2c Graphics/color driver for pdftex
))
\Gin@req@height=\dimen172
\Gin@req@width=\dimen173
)
(/usr/local/texlive/2025/texmf-dist/tex/latex/xcolor/xcolor.sty
Package: xcolor 2024/09/29 v3.02 LaTeX color extensions (UK)

(/usr/local/texlive/2025/texmf-dist/tex/latex/graphics-cfg/color.cfg
File: color.cfg 2016/01/02 v1.6 sample color configuration
)
Package xcolor Info: Driver file: pdftex.def on input line 274.

(/usr/local/texlive/2025/texmf-dist/tex/latex/graphics/mathcolor.ltx)
Package xcolor Info: Model `cmy' substituted by `cmy0' on input line 1349.
Package xcolor Info: Model `hsb' substituted by `rgb' on input line 1353.
Package xcolor Info: Model `RGB' extended on input line 1365.
Package xcolor Info: Model `HTML' substituted by `rgb' on input line 1367.
Package xcolor Info: Model `Hsb' substituted by `hsb' on input line 1368.
Package xcolor Info: Model `tHsb' substituted by `hsb' on input line 1369.
Package xcolor Info: Model `HSB' substituted by `hsb' on input line 1370.
Package xcolor Info: Model `Gray' substituted by `gray' on input line 1371.
Package xcolor Info: Model `wave' substituted by `hsb' on input line 1372.
)
(/usr/local/texlive/2025/texmf-dist/tex/latex/geometry/geometry.sty
Package: geometry 2020/01/02 v5.9 Page Geometry

(/usr/local/texlive/2025/texmf-dist/tex/generic/iftex/ifvtex.sty
Package: ifvtex 2019/10/25 v1.7 ifvtex legacy package. Use iftex instead.
)
\Gm@cnth=\count305
\Gm@cntv=\count306
\c@Gm@tempcnt=\count307
\Gm@bindingoffset=\dimen174
\Gm@wd@mp=\dimen175
\Gm@odd@mp=\dimen176
\Gm@even@mp=\dimen177
\Gm@layoutwidth=\dimen178
\Gm@layoutheight=\dimen179
\Gm@layouthoffset=\dimen180
\Gm@layoutvoffset=\dimen181
\Gm@dimlist=\toks33
)
(/usr/local/texlive/2025/texmf-dist/tex/latex/ncctools/manyfoot.sty
Package: manyfoot 2019/08/03 v1.11 Many Footnote Levels Package (NCC)

(/usr/local/texlive/2025/texmf-dist/tex/latex/ncctools/nccfoots.sty
Package: nccfoots 2005/02/03 v1.2 NCC Footnotes Package (NCC)
)
\MFL@columnwidth=\dimen182
)
\footinsauthorsaddresses=\insert251
\c@footnoteauthorsaddresses=\count308
\footinscopyrightpermission=\insert250
\c@footnotecopyrightpermission=\count309

(/usr/local/texlive/2025/texmf-dist/tex/generic/pdftex/glyphtounicode.tex)
(/usr/local/texlive/2025/texmf-dist/tex/latex/cmap/cmap.sty
Package: cmap 2021/02/06 v1.0j CMap support: searchable PDF
)
(/usr/local/texlive/2025/texmf-dist/tex/latex/base/fontenc.sty
Package: fontenc 2021/04/29 v2.0v Standard LaTeX package
<<t1.cmap>>)
(/usr/local/texlive/2025/texmf-dist/tex/latex/libertine/libertine.sty
Package: libertine 2024/04/23 (Bob Tennent) Supports Libertine and Biolinum fon
ts for all LaTeX engines.

(/usr/local/texlive/2025/texmf-dist/tex/generic/iftex/ifxetex.sty
Package: ifxetex 2019/10/25 v0.7 ifxetex legacy package. Use iftex instead.
)
(/usr/local/texlive/2025/texmf-dist/tex/latex/base/textcomp.sty
Package: textcomp 2024/04/24 v2.1b Standard LaTeX package
)
(/usr/local/texlive/2025/texmf-dist/tex/latex/base/fontenc.sty
Package: fontenc 2021/04/29 v2.0v Standard LaTeX package
)
(/usr/local/texlive/2025/texmf-dist/tex/latex/fontaxes/fontaxes.sty
Package: fontaxes 2020/07/21 v1.0e Font selection axes
LaTeX Info: Redefining \upshape on input line 29.
LaTeX Info: Redefining \itshape on input line 31.
LaTeX Info: Redefining \slshape on input line 33.
LaTeX Info: Redefining \swshape on input line 35.
LaTeX Info: Redefining \scshape on input line 37.
LaTeX Info: Redefining \sscshape on input line 39.
LaTeX Info: Redefining \ulcshape on input line 41.
LaTeX Info: Redefining \textsw on input line 47.
LaTeX Info: Redefining \textssc on input line 48.
LaTeX Info: Redefining \textulc on input line 49.
)
LaTeX Info: Redefining \oldstylenums on input line 485.

(/usr/local/texlive/2025/texmf-dist/tex/latex/libertine/LinLibertine_I.tex))
(/usr/local/texlive/2025/texmf-dist/tex/latex/inconsolata/zi4.sty
Package: zi4 2019/05/17 v1.12

`inconsolata-zi4' v1.12, 2019/05/17 Text macros for Inconsolata (msharpe)
\zifour@ocount=\count310
)
(/usr/local/texlive/2025/texmf-dist/tex/latex/newtx/newtxmath.sty
Package: newtxmath 2024/09/22 v1.754

`newtxmath' v1.754, 2024/09/22 Math macros based originally on txfonts (msharpe
) (/usr/local/texlive/2025/texmf-dist/tex/latex/oberdiek/centernot.sty
Package: centernot 2016/05/16 v1.4 Centers the not symbol horizontally (HO)
)
\tx@cntz=\count311

(/usr/local/texlive/2025/texmf-dist/tex/generic/kastrup/binhex.tex)
\tx@Isdigit=\count312
\tx@IsAlNum=\count313
\tx@tA=\toks34
\tx@tB=\toks35
\tx@su=\read2

amsthm NOT loaded
LaTeX Font Info:    Redeclaring symbol font `operators' on input line 402.
LaTeX Font Info:    Overwriting symbol font `operators' in version `normal'
(Font)                  OT1/cmr/m/n --> OT1/LinuxLibertineT-TLF/m/n on input li
ne 402.
LaTeX Font Info:    Overwriting symbol font `operators' in version `bold'
(Font)                  OT1/cmr/bx/n --> OT1/LinuxLibertineT-TLF/m/n on input l
ine 402.
LaTeX Font Info:    Overwriting symbol font `operators' in version `bold'
(Font)                  OT1/LinuxLibertineT-TLF/m/n --> OT1/LinuxLibertineT-TLF
/sb/n on input line 403.
LaTeX Font Info:    Redeclaring math alphabet \mathsf on input line 410.
LaTeX Font Info:    Overwriting math alphabet `\mathsf' in version `normal'
(Font)                  OT1/cmss/m/n --> OT1/LinuxBiolinumT-TLF/m/n on input li
ne 410.
LaTeX Font Info:    Overwriting math alphabet `\mathsf' in version `bold'
(Font)                  OT1/cmss/bx/n --> OT1/LinuxBiolinumT-TLF/m/n on input l
ine 410.
LaTeX Font Info:    Overwriting math alphabet `\mathsf' in version `bold'
(Font)                  OT1/LinuxBiolinumT-TLF/m/n --> OT1/LinuxBiolinumT-TLF/b
/n on input line 412.
LaTeX Font Info:    Redeclaring math alphabet \mathit on input line 419.
LaTeX Font Info:    Overwriting math alphabet `\mathit' in version `normal'
(Font)                  OT1/cmr/m/it --> OT1/LinuxLibertineT-TLF/m/it on input 
line 419.
LaTeX Font Info:    Overwriting math alphabet `\mathit' in version `bold'
(Font)                  OT1/cmr/bx/it --> OT1/LinuxLibertineT-TLF/m/it on input
 line 419.
LaTeX Font Info:    Redeclaring math alphabet \mathtt on input line 420.
LaTeX Font Info:    Overwriting math alphabet `\mathtt' in version `normal'
(Font)                  OT1/cmtt/m/n --> T1/zi4/m/n on input line 420.
LaTeX Font Info:    Overwriting math alphabet `\mathtt' in version `bold'
(Font)                  OT1/cmtt/m/n --> T1/zi4/m/n on input line 420.
LaTeX Font Info:    Redeclaring math alphabet \mathbf on input line 422.
LaTeX Font Info:    Overwriting math alphabet `\mathbf' in version `normal'
(Font)                  OT1/cmr/bx/n --> OT1/LinuxLibertineT-TLF/sb/n on input 
line 422.
LaTeX Font Info:    Overwriting math alphabet `\mathbf' in version `bold'
(Font)                  OT1/cmr/bx/n --> OT1/LinuxLibertineT-TLF/sb/n on input 
line 422.
LaTeX Font Info:    Overwriting math alphabet `\mathit' in version `bold'
(Font)                  OT1/LinuxLibertineT-TLF/m/it --> OT1/LinuxLibertineT-TL
F/sb/it on input line 423.
LaTeX Font Info:    Overwriting math alphabet `\mathtt' in version `bold'
(Font)                  T1/zi4/m/n --> T1/zi4/b/n on input line 426.
LaTeX Font Info:    Redeclaring symbol font `letters' on input line 444.
LaTeX Font Info:    Overwriting symbol font `letters' in version `normal'
(Font)                  OML/cmm/m/it --> OML/nxlmi/m/it on input line 444.
LaTeX Font Info:    Overwriting symbol font `letters' in version `bold'
(Font)                  OML/cmm/b/it --> OML/nxlmi/m/it on input line 444.
LaTeX Font Info:    Overwriting symbol font `letters' in version `bold'
(Font)                  OML/nxlmi/m/it --> OML/nxlmi/b/it on input line 445.
\symlettersA=\mathgroup6
LaTeX Font Info:    Overwriting symbol font `lettersA' in version `bold'
(Font)                  U/ntxmia/m/it --> U/ntxmia/b/it on input line 582.
LaTeX Font Info:    Redeclaring math alphabet \mathfrak on input line 584.
Now handling font encoding LMS ...
... no UTF-8 mapping file for font encoding LMS
LaTeX Font Info:    Redeclaring symbol font `symbols' on input line 604.
LaTeX Font Info:    Encoding `OMS' has changed to `LMS' for symbol font
(Font)              `symbols' in the math version `normal' on input line 604.
LaTeX Font Info:    Overwriting symbol font `symbols' in version `normal'
(Font)                  OMS/cmsy/m/n --> LMS/ntxsy/m/n on input line 604.
LaTeX Font Info:    Encoding `OMS' has changed to `LMS' for symbol font
(Font)              `symbols' in the math version `bold' on input line 604.
LaTeX Font Info:    Overwriting symbol font `symbols' in version `bold'
(Font)                  OMS/cmsy/b/n --> LMS/ntxsy/m/n on input line 604.
LaTeX Font Info:    Overwriting symbol font `symbols' in version `bold'
(Font)                  LMS/ntxsy/m/n --> LMS/ntxsy/b/n on input line 605.
\symAMSm=\mathgroup7
LaTeX Font Info:    Overwriting symbol font `AMSm' in version `bold'
(Font)                  U/ntxsym/m/n --> U/ntxsym/b/n on input line 630.
\symsymbolsC=\mathgroup8
LaTeX Font Info:    Overwriting symbol font `symbolsC' in version `bold'
(Font)                  U/ntxsyc/m/n --> U/ntxsyc/b/n on input line 651.
Now handling font encoding LMX ...
... no UTF-8 mapping file for font encoding LMX
LaTeX Font Info:    Redeclaring symbol font `largesymbols' on input line 664.
LaTeX Font Info:    Encoding `OMX' has changed to `LMX' for symbol font
(Font)              `largesymbols' in the math version `normal' on input line 6
64.
LaTeX Font Info:    Overwriting symbol font `largesymbols' in version `normal'
(Font)                  OMX/cmex/m/n --> LMX/ntxexx/m/n on input line 664.
LaTeX Font Info:    Encoding `OMX' has changed to `LMX' for symbol font
(Font)              `largesymbols' in the math version `bold' on input line 664
.
LaTeX Font Info:    Overwriting symbol font `largesymbols' in version `bold'
(Font)                  OMX/cmex/m/n --> LMX/ntxexx/m/n on input line 664.
LaTeX Font Info:    Overwriting symbol font `largesymbols' in version `bold'
(Font)                  LMX/ntxexx/m/n --> LMX/ntxexx/b/n on input line 665.
\symlargesymbolsTXA=\mathgroup9
LaTeX Font Info:    Overwriting symbol font `largesymbolsTXA' in version `bold'

(Font)                  U/ntxexa/m/n --> U/ntxexa/b/n on input line 679.
\tx@sbptoks=\toks36
LaTeX Font Info:    Redeclaring math delimiter \lfloor on input line 902.
LaTeX Font Info:    Redeclaring math delimiter \rfloor on input line 903.
LaTeX Font Info:    Redeclaring math delimiter \lceil on input line 904.
LaTeX Font Info:    Redeclaring math delimiter \rceil on input line 905.
LaTeX Font Info:    Redeclaring math delimiter \lbrace on input line 910.
LaTeX Font Info:    Redeclaring math delimiter \rbrace on input line 911.
LaTeX Font Info:    Redeclaring math delimiter \langle on input line 913.
LaTeX Font Info:    Redeclaring math delimiter \rangle on input line 915.
LaTeX Font Info:    Redeclaring math delimiter \arrowvert on input line 919.
LaTeX Font Info:    Redeclaring math delimiter \vert on input line 920.
LaTeX Font Info:    Redeclaring math accent \dot on input line 991.
LaTeX Font Info:    Redeclaring math accent \ddot on input line 992.
LaTeX Font Info:    Redeclaring math accent \vec on input line 2057.
LaTeX Info: Redefining \Bbbk on input line 2847.
LaTeX Info: Redefining \not on input line 2995.
LaTeX Info: Redefining \textsquare on input line 3025.
LaTeX Info: Redefining \openbox on input line 3027.
) (/usr/local/texlive/2025/texmf-dist/tex/latex/caption/caption.sty
Package: caption 2023/08/05 v3.6o Customizing captions (AR)

(/usr/local/texlive/2025/texmf-dist/tex/latex/caption/caption3.sty
Package: caption3 2023/07/31 v2.4d caption3 kernel (AR)
\caption@tempdima=\dimen183
\captionmargin=\dimen184
\caption@leftmargin=\dimen185
\caption@rightmargin=\dimen186
\caption@width=\dimen187
\caption@indent=\dimen188
\caption@parindent=\dimen189
\caption@hangindent=\dimen190
Package caption Info: AMS or SMF document class detected.

(/usr/local/texlive/2025/texmf-dist/tex/latex/caption/caption-ams-smf.sto
File: caption-ams-smf.sto 2020/08/22 v2.0 Adaption of the caption package to th
e AMS and SMF document classes (AR)
))
\c@caption@flags=\count314
\c@continuedfloat=\count315
Package caption Info: hyperref package is loaded.
)
(/usr/local/texlive/2025/texmf-dist/tex/latex/float/float.sty
Package: float 2001/11/08 v1.3d Float enhancements (AL)
\c@float@type=\count316
\float@exts=\toks37
\float@box=\box56
\@float@everytoks=\toks38
\@floatcapt=\box57
)
\@float@every@sidebar=\toks39
\c@sidebar=\count317
\fulltextwidth=\dimen191
\@ACM@labelwidth=\dimen192
\listisep=\skip63
\num@authorgroups=\count318
\num@authors=\count319
\@ACM@badge@width=\skip64
\@ACM@title@width=\skip65
\@ACM@badge@skip=\skip66
Class acmart Info: Printing CCS on input line 1806.
Class acmart Info: Printing bibformat on input line 1806.
Class acmart Info: Suppressing folios on input line 1813.
Class acmart Info: Setting authorsperrow to 0 on input line 1816.

(/usr/local/texlive/2025/texmf-dist/tex/latex/comment/comment.sty
\CommentStream=\write3

Excluding comment 'comment') Excluding comment 'CCSXML'
\c@@concepts=\count320
\mktitle@bx=\box58
\@ACM@acmcpbox=\box59
\@ACM@commabox=\box60
\author@bx=\box61
\author@bx@wd=\dimen193
\author@bx@sep=\skip67

(/usr/local/texlive/2025/texmf-dist/tex/latex/fancyhdr/fancyhdr.sty
Package: fancyhdr 2025/02/07 v5.2 Extensive control of page headers and footers

\f@nch@headwidth=\skip68
\f@nch@offset@elh=\skip69
\f@nch@offset@erh=\skip70
\f@nch@offset@olh=\skip71
\f@nch@offset@orh=\skip72
\f@nch@offset@elf=\skip73
\f@nch@offset@erf=\skip74
\f@nch@offset@olf=\skip75
\f@nch@offset@orf=\skip76
\f@nch@height=\skip77
\f@nch@footalignment=\skip78
\f@nch@widthL=\skip79
\f@nch@widthC=\skip80
\f@nch@widthR=\skip81
\@temptokenb=\toks40
)
Special comment 'acks'
LaTeX Font Info:    Trying to load font information for T1+LinuxLibertineT-TLF 
on input line 3588.

(/usr/local/texlive/2025/texmf-dist/tex/latex/libertine/T1LinuxLibertineT-TLF.f
d
File: T1LinuxLibertineT-TLF.fd 2017/03/20 (autoinst) Font definitions for T1/Li
nuxLibertineT-TLF.
)
LaTeX Font Info:    Font shape `T1/LinuxLibertineT-TLF/m/n' will be
(Font)              scaled to size 9.0pt on input line 3588.
) (/usr/local/texlive/2025/texmf-dist/tex/latex/subfigure/subfigure.sty
Package: subfigure 2002/03/15 v2.1.5 subfigure package
\subfigtopskip=\skip82
\subfigcapskip=\skip83
\subfigcaptopadj=\dimen194
\subfigbottomskip=\skip84
\subfigcapmargin=\dimen195
\subfiglabelskip=\skip85
\c@subfigure=\count321
\c@lofdepth=\count322
\c@subtable=\count323
\c@lotdepth=\count324

****************************************
* Local config file subfigure.cfg used *
****************************************
(/usr/local/texlive/2025/texmf-dist/tex/latex/subfigure/subfigure.cfg)
\subfig@top=\skip86
\subfig@bottom=\skip87
)
(/usr/local/texlive/2025/texmf-dist/tex/latex/algorithm2e/algorithm2e.sty
Package: algorithm2e 2017/07/18 v5.2 algorithms environments
\c@AlgoLine=\count325
\algocf@hangindent=\skip88

(/usr/local/texlive/2025/texmf-dist/tex/latex/ifoddpage/ifoddpage.sty
Package: ifoddpage 2022/10/18 v1.2 Conditionals for odd/even page detection
\c@checkoddpage=\count326
)
(/usr/local/texlive/2025/texmf-dist/tex/latex/tools/xspace.sty
Package: xspace 2014/10/28 v1.13 Space after command names (DPC,MH)
)
(/usr/local/texlive/2025/texmf-dist/tex/latex/relsize/relsize.sty
Package: relsize 2013/03/29 ver 4.1
LaTeX Info: Redefining \larger on input line 150.
LaTeX Info: Redefining \smaller on input line 151.
)
\skiptotal=\skip89
\skiplinenumber=\skip90
\skiprule=\skip91
\skiphlne=\skip92
\skiptext=\skip93
\skiplength=\skip94
\algomargin=\skip95
\skipalgocfslide=\skip96
\algowidth=\dimen196
\inoutsize=\dimen197
\inoutindent=\dimen198
\interspacetitleruled=\dimen199
\interspacealgoruled=\dimen256
\interspacetitleboxruled=\dimen257
\algocf@ruledwidth=\skip97
\algocf@inoutbox=\box62
\algocf@inputbox=\box63
\AlCapSkip=\skip98
\AlCapHSkip=\skip99
\algoskipindent=\skip100
\algocf@nlbox=\box64
\algocf@hangingbox=\box65
\algocf@untilbox=\box66
\algocf@skipuntil=\skip101
\algocf@capbox=\box67
\algocf@lcaptionbox=\skip102
\algoheightruledefault=\skip103
\algoheightrule=\skip104
\algotitleheightruledefault=\skip105
\algotitleheightrule=\skip106
\c@algocfline=\count327
\c@algocfproc=\count328
\c@algocf=\count329
\algocf@algoframe=\box68
\algocf@algobox=\box69
)
(/usr/local/texlive/2025/texmf-dist/tex/latex/enumitem/enumitem.sty
Package: enumitem 2025/02/06 v3.11 Customized lists
\enitkv@toks@=\toks41
\labelindent=\skip107
\enit@outerparindent=\dimen258
\enit@toks=\toks42
\enit@inbox=\box70
\enit@count@id=\count330
\enitdp@description=\count331
)
(/usr/local/texlive/2025/texmf-dist/tex/latex/multirow/multirow.sty
Package: multirow 2024/11/12 v2.9 Span multiple rows of a table
\multirow@colwidth=\skip108
\multirow@cntb=\count332
\multirow@dima=\skip109
\bigstrutjot=\dimen259
)
(/usr/local/texlive/2025/texmf-dist/tex/latex/preprint/balance.sty
Package: balance 1999/02/23 4.3 (PWD)
\oldvsize=\dimen260
)
(/usr/local/texlive/2025/texmf-dist/tex/latex/sttools/flushend.sty
Package: flushend 2021/10/04 v4.0 Balancing columns in twocolumn mode
\flushend@@lastskip@a=\skip110
\flushend@@lastskip@b=\skip111
\flushend@@lastnode=\count333
\var@@loop@iter=\count334
\var@@temp@spread=\dimen261
\var@@temp@a=\dimen262
\var@@temp@loop=\dimen263
\flushend@@page@rule=\dimen264
\flushend@@varbox@lastpage=\box71
\flushend@@varbox@a=\box72
\flushend@@varbox@c=\box73
\flushend@@tempbox@a=\box74
\flushend@@tempbox@c=\box75
\flushend@@floatbox=\box76
\@viper=\box77
\hold@viper=\box78
\atColsBreak=\toks43
\atColsEnd=\toks44
\oldbreak@skip=\dimen265
)
(/usr/local/texlive/2025/texmf-dist/tex/latex/mdframed/mdframed.sty
Package: mdframed 2013/07/01 1.9b: mdframed

(/usr/local/texlive/2025/texmf-dist/tex/latex/l3packages/xparse/xparse.sty
(/usr/local/texlive/2025/texmf-dist/tex/latex/l3kernel/expl3.sty
Package: expl3 2025-01-18 L3 programming layer (loader) 

(/usr/local/texlive/2025/texmf-dist/tex/latex/l3backend/l3backend-pdftex.def
File: l3backend-pdftex.def 2024-05-08 L3 backend support: PDF output (pdfTeX)
\l__color_backend_stack_int=\count335
\l__pdf_internal_box=\box79
))
Package: xparse 2024-08-16 L3 Experimental document command parser
) (/usr/local/texlive/2025/texmf-dist/tex/latex/zref/zref-abspage.sty
Package: zref-abspage 2023-09-14 v2.35 Module abspage for zref (HO)

(/usr/local/texlive/2025/texmf-dist/tex/latex/zref/zref-base.sty
Package: zref-base 2023-09-14 v2.35 Module base for zref (HO)

(/usr/local/texlive/2025/texmf-dist/tex/generic/etexcmds/etexcmds.sty
Package: etexcmds 2019/12/15 v1.7 Avoid name clashes with e-TeX commands (HO)
)
(/usr/local/texlive/2025/texmf-dist/tex/latex/auxhook/auxhook.sty
Package: auxhook 2019-12-17 v1.6 Hooks for auxiliary files (HO)
)
Package zref Info: New property list: main on input line 767.
Package zref Info: New property: default on input line 768.
Package zref Info: New property: page on input line 769.
)
\c@abspage=\count336
Package zref Info: New property: abspage on input line 67.
)
(/usr/local/texlive/2025/texmf-dist/tex/latex/needspace/needspace.sty
Package: needspace 2010/09/12 v1.3d reserve vertical space
)
\mdf@templength=\skip112
\c@mdf@globalstyle@cnt=\count337
\mdf@skipabove@length=\skip113
\mdf@skipbelow@length=\skip114
\mdf@leftmargin@length=\skip115
\mdf@rightmargin@length=\skip116
\mdf@innerleftmargin@length=\skip117
\mdf@innerrightmargin@length=\skip118
\mdf@innertopmargin@length=\skip119
\mdf@innerbottommargin@length=\skip120
\mdf@splittopskip@length=\skip121
\mdf@splitbottomskip@length=\skip122
\mdf@outermargin@length=\skip123
\mdf@innermargin@length=\skip124
\mdf@linewidth@length=\skip125
\mdf@innerlinewidth@length=\skip126
\mdf@middlelinewidth@length=\skip127
\mdf@outerlinewidth@length=\skip128
\mdf@roundcorner@length=\skip129
\mdf@footenotedistance@length=\skip130
\mdf@userdefinedwidth@length=\skip131
\mdf@needspace@length=\skip132
\mdf@frametitleaboveskip@length=\skip133
\mdf@frametitlebelowskip@length=\skip134
\mdf@frametitlerulewidth@length=\skip135
\mdf@frametitleleftmargin@length=\skip136
\mdf@frametitlerightmargin@length=\skip137
\mdf@shadowsize@length=\skip138
\mdf@extratopheight@length=\skip139
\mdf@subtitleabovelinewidth@length=\skip140
\mdf@subtitlebelowlinewidth@length=\skip141
\mdf@subtitleaboveskip@length=\skip142
\mdf@subtitlebelowskip@length=\skip143
\mdf@subtitleinneraboveskip@length=\skip144
\mdf@subtitleinnerbelowskip@length=\skip145
\mdf@subsubtitleabovelinewidth@length=\skip146
\mdf@subsubtitlebelowlinewidth@length=\skip147
\mdf@subsubtitleaboveskip@length=\skip148
\mdf@subsubtitlebelowskip@length=\skip149
\mdf@subsubtitleinneraboveskip@length=\skip150
\mdf@subsubtitleinnerbelowskip@length=\skip151

(/usr/local/texlive/2025/texmf-dist/tex/latex/mdframed/md-frame-0.mdf
File: md-frame-0.mdf 2013/07/01\ 1.9b: md-frame-0
)
\mdf@frametitlebox=\box80
\mdf@footnotebox=\box81
\mdf@splitbox@one=\box82
\mdf@splitbox@two=\box83
\mdf@splitbox@save=\box84
\mdfsplitboxwidth=\skip152
\mdfsplitboxtotalwidth=\skip153
\mdfsplitboxheight=\skip154
\mdfsplitboxdepth=\skip155
\mdfsplitboxtotalheight=\skip156
\mdfframetitleboxwidth=\skip157
\mdfframetitleboxtotalwidth=\skip158
\mdfframetitleboxheight=\skip159
\mdfframetitleboxdepth=\skip160
\mdfframetitleboxtotalheight=\skip161
\mdffootnoteboxwidth=\skip162
\mdffootnoteboxtotalwidth=\skip163
\mdffootnoteboxheight=\skip164
\mdffootnoteboxdepth=\skip165
\mdffootnoteboxtotalheight=\skip166
\mdftotallinewidth=\skip167
\mdfboundingboxwidth=\skip168
\mdfboundingboxtotalwidth=\skip169
\mdfboundingboxheight=\skip170
\mdfboundingboxdepth=\skip171
\mdfboundingboxtotalheight=\skip172
\mdf@freevspace@length=\skip173
\mdf@horizontalwidthofbox@length=\skip174
\mdf@verticalmarginwhole@length=\skip175
\mdf@horizontalspaceofbox=\skip176
\mdfsubtitleheight=\skip177
\mdfsubsubtitleheight=\skip178
\c@mdfcountframes=\count338

****** mdframed patching \endmdf@trivlist

****** -- success******

\mdf@envdepth=\count339
\c@mdf@env@i=\count340
\c@mdf@env@ii=\count341
\c@mdf@zref@counter=\count342
Package zref Info: New property: mdf@pagevalue on input line 895.
)
(/usr/local/texlive/2025/texmf-dist/tex/latex/tcolorbox/tcolorbox.sty
Package: tcolorbox 2024/10/22 version 6.4.1 text color boxes

(/usr/local/texlive/2025/texmf-dist/tex/latex/pgf/frontendlayer/tikz.sty
(/usr/local/texlive/2025/texmf-dist/tex/latex/pgf/basiclayer/pgf.sty
(/usr/local/texlive/2025/texmf-dist/tex/latex/pgf/utilities/pgfrcs.sty
(/usr/local/texlive/2025/texmf-dist/tex/generic/pgf/utilities/pgfutil-common.te
x
\pgfutil@everybye=\toks45
\pgfutil@tempdima=\dimen266
\pgfutil@tempdimb=\dimen267
)
(/usr/local/texlive/2025/texmf-dist/tex/generic/pgf/utilities/pgfutil-latex.def
\pgfutil@abb=\box85
) (/usr/local/texlive/2025/texmf-dist/tex/generic/pgf/utilities/pgfrcs.code.tex
(/usr/local/texlive/2025/texmf-dist/tex/generic/pgf/pgf.revision.tex)
Package: pgfrcs 2023-01-15 v3.1.10 (3.1.10)
))
Package: pgf 2023-01-15 v3.1.10 (3.1.10)

(/usr/local/texlive/2025/texmf-dist/tex/latex/pgf/basiclayer/pgfcore.sty
(/usr/local/texlive/2025/texmf-dist/tex/latex/pgf/systemlayer/pgfsys.sty
(/usr/local/texlive/2025/texmf-dist/tex/generic/pgf/systemlayer/pgfsys.code.tex
Package: pgfsys 2023-01-15 v3.1.10 (3.1.10)
(/usr/local/texlive/2025/texmf-dist/tex/generic/pgf/utilities/pgfkeys.code.tex
\pgfkeys@pathtoks=\toks46
\pgfkeys@temptoks=\toks47

(/usr/local/texlive/2025/texmf-dist/tex/generic/pgf/utilities/pgfkeyslibraryfil
tered.code.tex
\pgfkeys@tmptoks=\toks48
))
\pgf@x=\dimen268
\pgf@y=\dimen269
\pgf@xa=\dimen270
\pgf@ya=\dimen271
\pgf@xb=\dimen272
\pgf@yb=\dimen273
\pgf@xc=\dimen274
\pgf@yc=\dimen275
\pgf@xd=\dimen276
\pgf@yd=\dimen277
\w@pgf@writea=\write4
\r@pgf@reada=\read3
\c@pgf@counta=\count343
\c@pgf@countb=\count344
\c@pgf@countc=\count345
\c@pgf@countd=\count346
\t@pgf@toka=\toks49
\t@pgf@tokb=\toks50
\t@pgf@tokc=\toks51
\pgf@sys@id@count=\count347

(/usr/local/texlive/2025/texmf-dist/tex/generic/pgf/systemlayer/pgf.cfg
File: pgf.cfg 2023-01-15 v3.1.10 (3.1.10)
)
Driver file for pgf: pgfsys-pdftex.def

(/usr/local/texlive/2025/texmf-dist/tex/generic/pgf/systemlayer/pgfsys-pdftex.d
ef
File: pgfsys-pdftex.def 2023-01-15 v3.1.10 (3.1.10)

(/usr/local/texlive/2025/texmf-dist/tex/generic/pgf/systemlayer/pgfsys-common-p
df.def
File: pgfsys-common-pdf.def 2023-01-15 v3.1.10 (3.1.10)
)))
(/usr/local/texlive/2025/texmf-dist/tex/generic/pgf/systemlayer/pgfsyssoftpath.
code.tex
File: pgfsyssoftpath.code.tex 2023-01-15 v3.1.10 (3.1.10)
\pgfsyssoftpath@smallbuffer@items=\count348
\pgfsyssoftpath@bigbuffer@items=\count349
)
(/usr/local/texlive/2025/texmf-dist/tex/generic/pgf/systemlayer/pgfsysprotocol.
code.tex
File: pgfsysprotocol.code.tex 2023-01-15 v3.1.10 (3.1.10)
))
(/usr/local/texlive/2025/texmf-dist/tex/generic/pgf/basiclayer/pgfcore.code.tex
Package: pgfcore 2023-01-15 v3.1.10 (3.1.10)
(/usr/local/texlive/2025/texmf-dist/tex/generic/pgf/math/pgfmath.code.tex
(/usr/local/texlive/2025/texmf-dist/tex/generic/pgf/math/pgfmathutil.code.tex)
(/usr/local/texlive/2025/texmf-dist/tex/generic/pgf/math/pgfmathparser.code.tex
\pgfmath@dimen=\dimen278
\pgfmath@count=\count350
\pgfmath@box=\box86
\pgfmath@toks=\toks52
\pgfmath@stack@operand=\toks53
\pgfmath@stack@operation=\toks54
)
(/usr/local/texlive/2025/texmf-dist/tex/generic/pgf/math/pgfmathfunctions.code.
tex)
(/usr/local/texlive/2025/texmf-dist/tex/generic/pgf/math/pgfmathfunctions.basic
.code.tex)
(/usr/local/texlive/2025/texmf-dist/tex/generic/pgf/math/pgfmathfunctions.trigo
nometric.code.tex)
(/usr/local/texlive/2025/texmf-dist/tex/generic/pgf/math/pgfmathfunctions.rando
m.code.tex)
(/usr/local/texlive/2025/texmf-dist/tex/generic/pgf/math/pgfmathfunctions.compa
rison.code.tex)
(/usr/local/texlive/2025/texmf-dist/tex/generic/pgf/math/pgfmathfunctions.base.
code.tex)
(/usr/local/texlive/2025/texmf-dist/tex/generic/pgf/math/pgfmathfunctions.round
.code.tex)
(/usr/local/texlive/2025/texmf-dist/tex/generic/pgf/math/pgfmathfunctions.misc.
code.tex)
(/usr/local/texlive/2025/texmf-dist/tex/generic/pgf/math/pgfmathfunctions.integ
erarithmetics.code.tex)
(/usr/local/texlive/2025/texmf-dist/tex/generic/pgf/math/pgfmathcalc.code.tex)
(/usr/local/texlive/2025/texmf-dist/tex/generic/pgf/math/pgfmathfloat.code.tex
\c@pgfmathroundto@lastzeros=\count351
)) (/usr/local/texlive/2025/texmf-dist/tex/generic/pgf/math/pgfint.code.tex)
(/usr/local/texlive/2025/texmf-dist/tex/generic/pgf/basiclayer/pgfcorepoints.co
de.tex
File: pgfcorepoints.code.tex 2023-01-15 v3.1.10 (3.1.10)
\pgf@picminx=\dimen279
\pgf@picmaxx=\dimen280
\pgf@picminy=\dimen281
\pgf@picmaxy=\dimen282
\pgf@pathminx=\dimen283
\pgf@pathmaxx=\dimen284
\pgf@pathminy=\dimen285
\pgf@pathmaxy=\dimen286
\pgf@xx=\dimen287
\pgf@xy=\dimen288
\pgf@yx=\dimen289
\pgf@yy=\dimen290
\pgf@zx=\dimen291
\pgf@zy=\dimen292
)
(/usr/local/texlive/2025/texmf-dist/tex/generic/pgf/basiclayer/pgfcorepathconst
ruct.code.tex
File: pgfcorepathconstruct.code.tex 2023-01-15 v3.1.10 (3.1.10)
\pgf@path@lastx=\dimen293
\pgf@path@lasty=\dimen294
)
(/usr/local/texlive/2025/texmf-dist/tex/generic/pgf/basiclayer/pgfcorepathusage
.code.tex
File: pgfcorepathusage.code.tex 2023-01-15 v3.1.10 (3.1.10)
\pgf@shorten@end@additional=\dimen295
\pgf@shorten@start@additional=\dimen296
)
(/usr/local/texlive/2025/texmf-dist/tex/generic/pgf/basiclayer/pgfcorescopes.co
de.tex
File: pgfcorescopes.code.tex 2023-01-15 v3.1.10 (3.1.10)
\pgfpic=\box87
\pgf@hbox=\box88
\pgf@layerbox@main=\box89
\pgf@picture@serial@count=\count352
)
(/usr/local/texlive/2025/texmf-dist/tex/generic/pgf/basiclayer/pgfcoregraphicst
ate.code.tex
File: pgfcoregraphicstate.code.tex 2023-01-15 v3.1.10 (3.1.10)
\pgflinewidth=\dimen297
)
(/usr/local/texlive/2025/texmf-dist/tex/generic/pgf/basiclayer/pgfcoretransform
ations.code.tex
File: pgfcoretransformations.code.tex 2023-01-15 v3.1.10 (3.1.10)
\pgf@pt@x=\dimen298
\pgf@pt@y=\dimen299
\pgf@pt@temp=\dimen300
)
(/usr/local/texlive/2025/texmf-dist/tex/generic/pgf/basiclayer/pgfcorequick.cod
e.tex
File: pgfcorequick.code.tex 2023-01-15 v3.1.10 (3.1.10)
)
(/usr/local/texlive/2025/texmf-dist/tex/generic/pgf/basiclayer/pgfcoreobjects.c
ode.tex
File: pgfcoreobjects.code.tex 2023-01-15 v3.1.10 (3.1.10)
)
(/usr/local/texlive/2025/texmf-dist/tex/generic/pgf/basiclayer/pgfcorepathproce
ssing.code.tex
File: pgfcorepathprocessing.code.tex 2023-01-15 v3.1.10 (3.1.10)
)
(/usr/local/texlive/2025/texmf-dist/tex/generic/pgf/basiclayer/pgfcorearrows.co
de.tex
File: pgfcorearrows.code.tex 2023-01-15 v3.1.10 (3.1.10)
\pgfarrowsep=\dimen301
)
(/usr/local/texlive/2025/texmf-dist/tex/generic/pgf/basiclayer/pgfcoreshade.cod
e.tex
File: pgfcoreshade.code.tex 2023-01-15 v3.1.10 (3.1.10)
\pgf@max=\dimen302
\pgf@sys@shading@range@num=\count353
\pgf@shadingcount=\count354
)
(/usr/local/texlive/2025/texmf-dist/tex/generic/pgf/basiclayer/pgfcoreimage.cod
e.tex
File: pgfcoreimage.code.tex 2023-01-15 v3.1.10 (3.1.10)
)
(/usr/local/texlive/2025/texmf-dist/tex/generic/pgf/basiclayer/pgfcoreexternal.
code.tex
File: pgfcoreexternal.code.tex 2023-01-15 v3.1.10 (3.1.10)
\pgfexternal@startupbox=\box90
)
(/usr/local/texlive/2025/texmf-dist/tex/generic/pgf/basiclayer/pgfcorelayers.co
de.tex
File: pgfcorelayers.code.tex 2023-01-15 v3.1.10 (3.1.10)
)
(/usr/local/texlive/2025/texmf-dist/tex/generic/pgf/basiclayer/pgfcoretranspare
ncy.code.tex
File: pgfcoretransparency.code.tex 2023-01-15 v3.1.10 (3.1.10)
)
(/usr/local/texlive/2025/texmf-dist/tex/generic/pgf/basiclayer/pgfcorepatterns.
code.tex
File: pgfcorepatterns.code.tex 2023-01-15 v3.1.10 (3.1.10)
)
(/usr/local/texlive/2025/texmf-dist/tex/generic/pgf/basiclayer/pgfcorerdf.code.
tex
File: pgfcorerdf.code.tex 2023-01-15 v3.1.10 (3.1.10)
)))
(/usr/local/texlive/2025/texmf-dist/tex/generic/pgf/modules/pgfmoduleshapes.cod
e.tex
File: pgfmoduleshapes.code.tex 2023-01-15 v3.1.10 (3.1.10)
\pgfnodeparttextbox=\box91
)
(/usr/local/texlive/2025/texmf-dist/tex/generic/pgf/modules/pgfmoduleplot.code.
tex
File: pgfmoduleplot.code.tex 2023-01-15 v3.1.10 (3.1.10)
)
(/usr/local/texlive/2025/texmf-dist/tex/latex/pgf/compatibility/pgfcomp-version
-0-65.sty
Package: pgfcomp-version-0-65 2023-01-15 v3.1.10 (3.1.10)
\pgf@nodesepstart=\dimen303
\pgf@nodesepend=\dimen304
)
(/usr/local/texlive/2025/texmf-dist/tex/latex/pgf/compatibility/pgfcomp-version
-1-18.sty
Package: pgfcomp-version-1-18 2023-01-15 v3.1.10 (3.1.10)
))
(/usr/local/texlive/2025/texmf-dist/tex/latex/pgf/utilities/pgffor.sty
(/usr/local/texlive/2025/texmf-dist/tex/latex/pgf/utilities/pgfkeys.sty
(/usr/local/texlive/2025/texmf-dist/tex/generic/pgf/utilities/pgfkeys.code.tex)
) (/usr/local/texlive/2025/texmf-dist/tex/latex/pgf/math/pgfmath.sty
(/usr/local/texlive/2025/texmf-dist/tex/generic/pgf/math/pgfmath.code.tex))
(/usr/local/texlive/2025/texmf-dist/tex/generic/pgf/utilities/pgffor.code.tex
Package: pgffor 2023-01-15 v3.1.10 (3.1.10)
\pgffor@iter=\dimen305
\pgffor@skip=\dimen306
\pgffor@stack=\toks55
\pgffor@toks=\toks56
))
(/usr/local/texlive/2025/texmf-dist/tex/generic/pgf/frontendlayer/tikz/tikz.cod
e.tex
Package: tikz 2023-01-15 v3.1.10 (3.1.10)

(/usr/local/texlive/2025/texmf-dist/tex/generic/pgf/libraries/pgflibraryplothan
dlers.code.tex
File: pgflibraryplothandlers.code.tex 2023-01-15 v3.1.10 (3.1.10)
\pgf@plot@mark@count=\count355
\pgfplotmarksize=\dimen307
)
\tikz@lastx=\dimen308
\tikz@lasty=\dimen309
\tikz@lastxsaved=\dimen310
\tikz@lastysaved=\dimen311
\tikz@lastmovetox=\dimen312
\tikz@lastmovetoy=\dimen313
\tikzleveldistance=\dimen314
\tikzsiblingdistance=\dimen315
\tikz@figbox=\box92
\tikz@figbox@bg=\box93
\tikz@tempbox=\box94
\tikz@tempbox@bg=\box95
\tikztreelevel=\count356
\tikznumberofchildren=\count357
\tikznumberofcurrentchild=\count358
\tikz@fig@count=\count359

(/usr/local/texlive/2025/texmf-dist/tex/generic/pgf/modules/pgfmodulematrix.cod
e.tex
File: pgfmodulematrix.code.tex 2023-01-15 v3.1.10 (3.1.10)
\pgfmatrixcurrentrow=\count360
\pgfmatrixcurrentcolumn=\count361
\pgf@matrix@numberofcolumns=\count362
)
\tikz@expandcount=\count363

(/usr/local/texlive/2025/texmf-dist/tex/generic/pgf/frontendlayer/tikz/librarie
s/tikzlibrarytopaths.code.tex
File: tikzlibrarytopaths.code.tex 2023-01-15 v3.1.10 (3.1.10)
)))
(/usr/local/texlive/2025/texmf-dist/tex/latex/tools/verbatim.sty
Package: verbatim 2024-01-22 v1.5x LaTeX2e package for verbatim enhancements
\every@verbatim=\toks57
\verbatim@line=\toks58
\verbatim@in@stream=\read4
)
\tcb@titlebox=\box96
\tcb@upperbox=\box97
\tcb@lowerbox=\box98
\tcb@phantombox=\box99
\c@tcbbreakpart=\count364
\c@tcblayer=\count365
\c@tcolorbox@number=\count366
\l__tcobox_tmpa_box=\box100
\l__tcobox_tmpa_dim=\dimen316
\tcb@temp=\box101
\tcb@temp=\box102
\tcb@temp=\box103
\tcb@temp=\box104
)
(/usr/local/texlive/2025/texmf-dist/tex/latex/fancybox/fancybox.sty
Package: fancybox 2010/05/15 1.4

Style option: `fancybox' v1.4 <2010/05/15> (tvz)
\@fancybox=\box105
\shadowsize=\dimen317
\@Sbox=\box106
\do@VerbBox=\toks59
\the@fancyput=\toks60
\this@fancyput=\toks61
\EndVerbatimTokens=\toks62
\Verbatim@Outfile=\write5
\Verbatim@Infile=\read5
)
\c@example=\count367
\c@definition=\count368
\c@lemma=\count369
\c@theorem=\count370
\c@remark=\count371
\c@weakness=\count372
\c@detailed=\count373
\c@revision=\count374
\c@metarevision=\count375
Package hyperref Info: Option `pdfdisplaydoctitle' set `true' on input line 96.

 Excluding comment 'screenonly' Include comment 'printonly'
Include comment 'anonsuppress' (./response.aux)
\openout1 = `response.aux'.

LaTeX Font Info:    Checking defaults for OML/nxlmi/m/it on input line 96.
LaTeX Font Info:    Trying to load font information for OML+nxlmi on input line
 96.

(/usr/local/texlive/2025/texmf-dist/tex/latex/newtx/omlnxlmi.fd
File: omlnxlmi.fd 2013/11/19 Fontinst v1.933 font definitions for OML/nxlmi.
)
LaTeX Font Info:    ... okay on input line 96.
LaTeX Font Info:    Checking defaults for OMS/cmsy/m/n on input line 96.
LaTeX Font Info:    ... okay on input line 96.
LaTeX Font Info:    Checking defaults for OT1/cmr/m/n on input line 96.
LaTeX Font Info:    ... okay on input line 96.
LaTeX Font Info:    Checking defaults for T1/cmr/m/n on input line 96.
LaTeX Font Info:    ... okay on input line 96.
LaTeX Font Info:    Checking defaults for TS1/cmr/m/n on input line 96.
LaTeX Font Info:    ... okay on input line 96.
LaTeX Font Info:    Checking defaults for OMX/cmex/m/n on input line 96.
LaTeX Font Info:    ... okay on input line 96.
LaTeX Font Info:    Checking defaults for U/ntxexa/m/n on input line 96.
LaTeX Font Info:    Trying to load font information for U+ntxexa on input line 
96.

(/usr/local/texlive/2025/texmf-dist/tex/latex/newtx/untxexa.fd
File: untxexa.fd 2012/04/16 Fontinst v1.933 font definitions for U/ntxexa.
)
LaTeX Font Info:    ... okay on input line 96.
LaTeX Font Info:    Checking defaults for PD1/pdf/m/n on input line 96.
LaTeX Font Info:    ... okay on input line 96.
LaTeX Font Info:    Checking defaults for PU/pdf/m/n on input line 96.
LaTeX Font Info:    ... okay on input line 96.
LaTeX Font Info:    Checking defaults for LMS/ntxsy/m/n on input line 96.
LaTeX Font Info:    Trying to load font information for LMS+ntxsy on input line
 96.

(/usr/local/texlive/2025/texmf-dist/tex/latex/newtx/lmsntxsy.fd
File: lmsntxsy.fd 2016/07/02 Fontinst v1.933 font definitions for LMS/ntxsy.
)
LaTeX Font Info:    ... okay on input line 96.
LaTeX Font Info:    Checking defaults for LMX/ntxexx/m/n on input line 96.
LaTeX Font Info:    Trying to load font information for LMX+ntxexx on input lin
e 96.

(/usr/local/texlive/2025/texmf-dist/tex/latex/newtx/lmxntxexx.fd
File: lmxntxexx.fd 2016/07/03 Fontinst v1.933 font definitions for LMX/ntxexx.
)
LaTeX Font Info:    ... okay on input line 96.
LaTeX Font Info:    Font shape `T1/LinuxLibertineT-TLF/m/n' will be
(Font)              scaled to size 7.0pt on input line 96.
LaTeX Font Info:    Trying to load font information for OT1+LinuxLibertineT-TLF
 on input line 96.

(/usr/local/texlive/2025/texmf-dist/tex/latex/libertine/OT1LinuxLibertineT-TLF.
fd
File: OT1LinuxLibertineT-TLF.fd 2017/03/20 (autoinst) Font definitions for OT1/
LinuxLibertineT-TLF.
)
LaTeX Font Info:    Font shape `OT1/LinuxLibertineT-TLF/m/n' will be
(Font)              scaled to size 7.3pt on input line 96.
<<ot1.cmap>>
LaTeX Font Info:    Font shape `OT1/LinuxLibertineT-TLF/m/n' will be
(Font)              scaled to size 5.5pt on input line 96.
LaTeX Font Info:    Font shape `OML/nxlmi/m/it' will be
(Font)              scaled to size 7.3pt on input line 96.
<<oml.cmap>>
LaTeX Font Info:    Font shape `OML/nxlmi/m/it' will be
(Font)              scaled to size 5.5pt on input line 96.
LaTeX Font Info:    Font shape `LMS/ntxsy/m/n' will be
(Font)              scaled to size 7.3pt on input line 96.
LaTeX Font Info:    Font shape `LMS/ntxsy/m/n' will be
(Font)              scaled to size 5.5pt on input line 96.
LaTeX Font Info:    Font shape `LMX/ntxexx/m/n' will be
(Font)              scaled to size 7.3pt on input line 96.
LaTeX Font Info:    Font shape `LMX/ntxexx/m/n' will be
(Font)              scaled to size 5.5pt on input line 96.
LaTeX Font Info:    Trying to load font information for U+msa on input line 96.


(/usr/local/texlive/2025/texmf-dist/tex/latex/amsfonts/umsa.fd
File: umsa.fd 2013/01/14 v3.01 AMS symbols A
)
LaTeX Font Info:    Trying to load font information for U+msb on input line 96.


(/usr/local/texlive/2025/texmf-dist/tex/latex/amsfonts/umsb.fd
File: umsb.fd 2013/01/14 v3.01 AMS symbols B
)
LaTeX Font Info:    Trying to load font information for U+ntxmia on input line 
96.

(/usr/local/texlive/2025/texmf-dist/tex/latex/newtx/untxmia.fd
File: untxmia.fd 2024/04/09 Fontinst v1.933 font definitions for U/ntxmia.
)
LaTeX Font Info:    Font shape `U/ntxmia/m/it' will be
(Font)              scaled to size 7.3pt on input line 96.
LaTeX Font Info:    Font shape `U/ntxmia/m/it' will be
(Font)              scaled to size 5.5pt on input line 96.
LaTeX Font Info:    Trying to load font information for U+ntxsym on input line 
96.

(/usr/local/texlive/2025/texmf-dist/tex/latex/newtx/untxsym.fd
File: untxsym.fd 2023/08/16 Fontinst v1.933 font definitions for U/ntxsym.
)
LaTeX Font Info:    Font shape `U/ntxsym/m/n' will be
(Font)              scaled to size 7.3pt on input line 96.
LaTeX Font Info:    Font shape `U/ntxsym/m/n' will be
(Font)              scaled to size 5.5pt on input line 96.
LaTeX Font Info:    Trying to load font information for U+ntxsyc on input line 
96.

(/usr/local/texlive/2025/texmf-dist/tex/latex/newtx/untxsyc.fd
File: untxsyc.fd 2012/04/12 Fontinst v1.933 font definitions for U/ntxsyc.
)
LaTeX Font Info:    Font shape `U/ntxsyc/m/n' will be
(Font)              scaled to size 7.3pt on input line 96.
LaTeX Font Info:    Font shape `U/ntxsyc/m/n' will be
(Font)              scaled to size 5.5pt on input line 96.
LaTeX Font Info:    Font shape `U/ntxexa/m/n' will be
(Font)              scaled to size 7.3pt on input line 96.
LaTeX Font Info:    Font shape `U/ntxexa/m/n' will be
(Font)              scaled to size 5.5pt on input line 96.
LaTeX Info: Command `\dddot' is already robust on input line 96.
LaTeX Info: Command `\ddddot' is already robust on input line 96.
LaTeX Info: Redefining \microtypecontext on input line 96.
Package microtype Info: Applying patch `item' on input line 96.
Package microtype Info: Applying patch `toc' on input line 96.
Package microtype Info: Applying patch `eqnum' on input line 96.
Package microtype Info: Applying patch `footnote' on input line 96.
Package microtype Info: Applying patch `verbatim' on input line 96.
LaTeX Info: Redefining \microtypesetup on input line 96.
Package microtype Info: Generating PDF output.
Package microtype Info: Character protrusion enabled (level 2).
Package microtype Info: Using default protrusion set `alltext'.
Package microtype Info: Automatic font expansion enabled (level 2),
(microtype)             stretch: 20, shrink: 20, step: 1, non-selected.
Package microtype Info: Using default expansion set `alltext-nott'.
LaTeX Info: Redefining \showhyphens on input line 96.
Package microtype Info: No adjustment of tracking.
Package microtype Info: No adjustment of interword spacing.
Package microtype Info: No adjustment of character kerning.
Package microtype Info: Loading generic protrusion settings for font family
(microtype)             `LinuxLibertineT-TLF' (encoding: T1).
(microtype)             For optimal results, create family-specific settings.
(microtype)             See the microtype manual for details.
Package hyperref Info: Link coloring OFF on input line 96.
 (./response.out) (./response.out)
\@outlinefile=\write6
\openout6 = `response.out'.


(/usr/local/texlive/2025/texmf-dist/tex/context/base/mkii/supp-pdf.mkii
[Loading MPS to PDF converter (version 2006.09.02).]
\scratchcounter=\count376
\scratchdimen=\dimen318
\scratchbox=\box107
\nofMPsegments=\count377
\nofMParguments=\count378
\everyMPshowfont=\toks63
\MPscratchCnt=\count379
\MPscratchDim=\dimen319
\MPnumerator=\count380
\makeMPintoPDFobject=\count381
\everyMPtoPDFconversion=\toks64
) (/usr/local/texlive/2025/texmf-dist/tex/latex/epstopdf-pkg/epstopdf-base.sty
Package: epstopdf-base 2020-01-24 v2.11 Base part for package epstopdf
Package epstopdf-base Info: Redefining graphics rule for `.eps' on input line 4
85.

(/usr/local/texlive/2025/texmf-dist/tex/latex/latexconfig/epstopdf-sys.cfg
File: epstopdf-sys.cfg 2010/07/13 v1.3 Configuration of (r)epstopdf for TeX Liv
e
))
*geometry* driver: auto-detecting
*geometry* detected driver: pdftex
*geometry* verbose mode - [ preamble ] result:
* driver: pdftex
* paper: custom
* layout: <same size as paper>
* layoutoffset:(h,v)=(0.0pt,0.0pt)
* modes: includehead includefoot twoside heightrounded 
* h-part:(L,W,R)=(54.0pt, 506.295pt, 54.0pt)
* v-part:(T,H,B)=(57.0pt, 664.96999pt, 73.0pt)
* \paperwidth=614.295pt
* \paperheight=794.96999pt
* \textwidth=506.295pt
* \textheight=626.0pt
* \oddsidemargin=-18.26999pt
* \evensidemargin=-18.26999pt
* \topmargin=-15.26999pt
* \headheight=13.0pt
* \headsep=14.0pt
* \topskip=10.0pt
* \footskip=12.0pt
* \marginparwidth=24.0pt
* \marginparsep=11.0pt
* \columnsep=24.0pt
* \skip\footins=7.0pt plus 11.0pt
* \hoffset=0.0pt
* \voffset=0.0pt
* \mag=1000
* \@twocolumnfalse
* \@twosidetrue
* \@mparswitchtrue
* \@reversemarginfalse
* (1in=72.27pt=25.4mm, 1cm=28.453pt)

\c@mv@tabular=\count382
\c@mv@boldtabular=\count383
(/usr/local/texlive/2025/texmf-dist/tex/latex/upquote/upquote.sty
Package: upquote 2012/04/19 v1.3 upright-quote and grave-accent glyphs in verba
tim
)
Package caption Info: Begin \AtBeginDocument code.
Package caption Info: float package is loaded.
Package caption Info: subfigure package is loaded.
Package caption Info: End \AtBeginDocument code.


Class acmart Warning: Do not put several authors in the same \author macro! on 
input line 106.

LaTeX Font Info:    Font shape `T1/LinuxLibertineT-TLF/m/n' will be
(Font)              scaled to size 17.28pt on input line 108.
LaTeX Font Info:    Trying to load font information for T1+LinuxBiolinumT-TLF o
n input line 108.

(/usr/local/texlive/2025/texmf-dist/tex/latex/libertine/T1LinuxBiolinumT-TLF.fd
File: T1LinuxBiolinumT-TLF.fd 2017/03/20 (autoinst) Font definitions for T1/Lin
uxBiolinumT-TLF.
)
LaTeX Font Info:    Font shape `T1/LinuxBiolinumT-TLF/m/n' will be
(Font)              scaled to size 17.28pt on input line 108.
Package microtype Info: Loading generic protrusion settings for font family
(microtype)             `LinuxBiolinumT-TLF' (encoding: T1).
(microtype)             For optimal results, create family-specific settings.
(microtype)             See the microtype manual for details.
LaTeX Font Info:    Font shape `T1/LinuxBiolinumT-TLF/b/n' will be
(Font)              scaled to size 17.28pt on input line 108.
LaTeX Font Info:    Font shape `T1/LinuxLibertineT-TLF/m/n' will be
(Font)              scaled to size 12.0pt on input line 108.
LaTeX Font Info:    Font shape `T1/LinuxLibertineT-TLF/m/n' will be
(Font)              scaled to size 10.0pt on input line 108.


Package hyperref Warning: Token not allowed in a PDF string (Unicode):
(hyperref)                removing `\\' on input line 108.


Package hyperref Warning: Token not allowed in a PDF string (Unicode):
(hyperref)                removing `\\' on input line 108.


Package hyperref Warning: Token not allowed in a PDF string (Unicode):
(hyperref)                removing `\\' on input line 108.


Package hyperref Warning: Token not allowed in a PDF string (Unicode):
(hyperref)                removing `\\' on input line 108.

LaTeX Font Info:    Font shape `T1/LinuxLibertineT-TLF/b/n' will be
(Font)              scaled to size 9.0pt on input line 118.
LaTeX Font Info:    Font shape `T1/LinuxLibertineT-TLF/b/n' will be
(Font)              scaled to size 10.95pt on input line 118.

Class acmart Warning: \vspace should only be used to provide space above/below 
surrounding objects on input line 125.


Class acmart Warning: \vspace should only be used to provide space above/below 
surrounding objects on input line 125.

LaTeX Font Info:    Font shape `T1/LinuxLibertineT-TLF/m/it' will be
(Font)              scaled to size 9.0pt on input line 125.

Class acmart Warning: \vspace should only be used to provide space above/below 
surrounding objects on input line 125.

LaTeX Font Info:    Font shape `OT1/LinuxLibertineT-TLF/m/n' will be
(Font)              scaled to size 9.0pt on input line 125.
Package microtype Info: Loading generic protrusion settings for font family
(microtype)             `LinuxLibertineT-TLF' (encoding: OT1).
(microtype)             For optimal results, create family-specific settings.
(microtype)             See the microtype manual for details.
LaTeX Font Info:    Font shape `OT1/LinuxLibertineT-TLF/m/n' will be
(Font)              scaled to size 6.6pt on input line 125.
LaTeX Font Info:    Font shape `OML/nxlmi/m/it' will be
(Font)              scaled to size 9.0pt on input line 125.
LaTeX Font Info:    Font shape `OML/nxlmi/m/it' will be
(Font)              scaled to size 6.6pt on input line 125.
LaTeX Font Info:    Font shape `LMS/ntxsy/m/n' will be
(Font)              scaled to size 9.0pt on input line 125.
LaTeX Font Info:    Font shape `LMS/ntxsy/m/n' will be
(Font)              scaled to size 6.6pt on input line 125.
LaTeX Font Info:    Font shape `LMX/ntxexx/m/n' will be
(Font)              scaled to size 9.0pt on input line 125.
LaTeX Font Info:    Font shape `LMX/ntxexx/m/n' will be
(Font)              scaled to size 6.6pt on input line 125.
(/usr/local/texlive/2025/texmf-dist/tex/latex/microtype/mt-msa.cfg
File: mt-msa.cfg 2006/02/04 v1.1 microtype config. file: AMS symbols (a) (RS)
)
(/usr/local/texlive/2025/texmf-dist/tex/latex/microtype/mt-msb.cfg
File: mt-msb.cfg 2005/06/01 v1.0 microtype config. file: AMS symbols (b) (RS)
)
LaTeX Font Info:    Font shape `U/ntxmia/m/it' will be
(Font)              scaled to size 9.0pt on input line 125.
LaTeX Font Info:    Font shape `U/ntxmia/m/it' will be
(Font)              scaled to size 6.6pt on input line 125.
LaTeX Font Info:    Font shape `U/ntxsym/m/n' will be
(Font)              scaled to size 9.0pt on input line 125.
LaTeX Font Info:    Font shape `U/ntxsym/m/n' will be
(Font)              scaled to size 6.6pt on input line 125.
LaTeX Font Info:    Font shape `U/ntxsyc/m/n' will be
(Font)              scaled to size 9.0pt on input line 125.
LaTeX Font Info:    Font shape `U/ntxsyc/m/n' will be
(Font)              scaled to size 6.6pt on input line 125.
LaTeX Font Info:    Font shape `U/ntxexa/m/n' will be
(Font)              scaled to size 9.0pt on input line 125.
LaTeX Font Info:    Font shape `U/ntxexa/m/n' will be
(Font)              scaled to size 6.6pt on input line 125.


Class acmart Warning: \vspace should only be used to provide space above/below 
surrounding objects on input line 125.


Overfull \hbox (1.48804pt too wide) in paragraph at lines 125--126
[][][]  
 []


Class acmart Warning: \vspace should only be used to provide space above/below 
surrounding objects on input line 135.


Class acmart Warning: \vspace should only be used to provide space above/below 
surrounding objects on input line 135.


Class acmart Warning: \vspace should only be used to provide space above/below 
surrounding objects on input line 135.


Class acmart Warning: \vspace should only be used to provide space above/below 
surrounding objects on input line 135.


Overfull \hbox (1.48804pt too wide) in paragraph at lines 135--136
[][][]  
 []


Class acmart Warning: \vspace should only be used to provide space above/below 
surrounding objects on input line 145.


Class acmart Warning: \vspace should only be used to provide space above/below 
surrounding objects on input line 145.


Class acmart Warning: \vspace should only be used to provide space above/below 
surrounding objects on input line 145.


Class acmart Warning: \vspace should only be used to provide space above/below 
surrounding objects on input line 145.


Overfull \hbox (1.48804pt too wide) in paragraph at lines 145--146
[][][]  
 []




Class acmart Warning: \vspace should only be used to provide space above/below 
surrounding objects on input line 160.


Class acmart Warning: \vspace should only be used to provide space above/below 
surrounding objects on input line 160.


Class acmart Warning: \vspace should only be used to provide space above/below 
surrounding objects on input line 160.


Class acmart Warning: \vspace should only be used to provide space above/below 
surrounding objects on input line 160.


Overfull \hbox (1.48804pt too wide) in paragraph at lines 160--161
[][][]  
 []


Class acmart Warning: \vspace should only be used to provide space above/below 
surrounding objects on input line 170.


Class acmart Warning: \vspace should only be used to provide space above/below 
surrounding objects on input line 170.


Class acmart Warning: \vspace should only be used to provide space above/below 
surrounding objects on input line 170.


Class acmart Warning: \vspace should only be used to provide space above/below 
surrounding objects on input line 170.


Overfull \hbox (1.48804pt too wide) in paragraph at lines 170--171
[][][]  
 []


Class acmart Warning: \vspace should only be used to provide space above/below 
surrounding objects on input line 181.


Class acmart Warning: \vspace should only be used to provide space above/below 
surrounding objects on input line 181.


Class acmart Warning: \vspace should only be used to provide space above/below 
surrounding objects on input line 181.


Class acmart Warning: \vspace should only be used to provide space above/below 
surrounding objects on input line 181.


Overfull \hbox (1.48804pt too wide) in paragraph at lines 181--182
[][][]  
 []


Class acmart Warning: \vspace should only be used to provide space above/below 
surrounding objects on input line 191.


Class acmart Warning: \vspace should only be used to provide space above/below 
surrounding objects on input line 191.


Class acmart Warning: \vspace should only be used to provide space above/below 
surrounding objects on input line 191.


Class acmart Warning: \vspace should only be used to provide space above/below 
surrounding objects on input line 191.


Overfull \hbox (1.48804pt too wide) in paragraph at lines 191--192
[][][]  
 []


Class acmart Warning: \vspace should only be used to provide space above/below 
surrounding objects on input line 201.


Class acmart Warning: \vspace should only be used to provide space above/below 
surrounding objects on input line 201.


Class acmart Warning: \vspace should only be used to provide space above/below 
surrounding objects on input line 201.


Class acmart Warning: \vspace should only be used to provide space above/below 
surrounding objects on input line 201.


Overfull \hbox (1.48804pt too wide) in paragraph at lines 201--202
[][][]  
 []


Class acmart Warning: \vspace should only be used to provide space above/below 
surrounding objects on input line 211.


Class acmart Warning: \vspace should only be used to provide space above/below 
surrounding objects on input line 211.


Class acmart Warning: \vspace should only be used to provide space above/below 
surrounding objects on input line 211.


Class acmart Warning: \vspace should only be used to provide space above/below 
surrounding objects on input line 211.


Overfull \hbox (1.48804pt too wide) in paragraph at lines 211--212
[][][]  
 []


Class acmart Warning: \vspace should only be used to provide space above/below 
surrounding objects on input line 221.


Class acmart Warning: \vspace should only be used to provide space above/below 
surrounding objects on input line 221.


Class acmart Warning: \vspace should only be used to provide space above/below 
surrounding objects on input line 221.


Class acmart Warning: \vspace should only be used to provide space above/below 
surrounding objects on input line 221.


Overfull \hbox (1.48804pt too wide) in paragraph at lines 221--222
[][][]  
 []


Class acmart Warning: \vspace should only be used to provide space above/below 
surrounding objects on input line 234.


Class acmart Warning: \vspace should only be used to provide space above/below 
surrounding objects on input line 234.


Class acmart Warning: \vspace should only be used to provide space above/below 
surrounding objects on input line 234.


Class acmart Warning: \vspace should only be used to provide space above/below 
surrounding objects on input line 234.


Overfull \hbox (1.48804pt too wide) in paragraph at lines 234--235
[][][]  
 []


Underfull \vbox (badness 10000) has occurred while \output is active []



[1.1{/usr/local/texlive/2025/texmf-var/fonts/map/pdftex/updmap/pdftex.map}{/usr
/local/texlive/2025/texmf-dist/fonts/enc/dvips/libertine/lbtn_25tcsq.enc}{/usr/
local/texlive/2025/texmf-dist/fonts/enc/dvips/libertine/lbtn_76gpa5.enc}

{/usr/local/texlive/2025/texmf-dist/fonts/enc/dvips/libertine/lbtn_nh77jq.enc}{
/usr/local/texlive/2025/texmf-dist/fonts/enc/dvips/libertine/lbtn_7grukw.enc}]

Class acmart Warning: \vspace should only be used to provide space above/below 
surrounding objects on input line 244.


Class acmart Warning: \vspace should only be used to provide space above/below 
surrounding objects on input line 244.


Class acmart Warning: \vspace should only be used to provide space above/below 
surrounding objects on input line 244.


Class acmart Warning: \vspace should only be used to provide space above/below 
surrounding objects on input line 244.


Overfull \hbox (1.48804pt too wide) in paragraph at lines 244--245
[][][]  
 []


Class acmart Warning: \vspace should only be used to provide space above/below 
surrounding objects on input line 254.


Class acmart Warning: \vspace should only be used to provide space above/below 
surrounding objects on input line 254.


Class acmart Warning: \vspace should only be used to provide space above/below 
surrounding objects on input line 254.


Class acmart Warning: \vspace should only be used to provide space above/below 
surrounding objects on input line 254.


Overfull \hbox (1.48804pt too wide) in paragraph at lines 254--255
[][][]  
 []


Class acmart Warning: \vspace should only be used to provide space above/below 
surrounding objects on input line 274.


Class acmart Warning: \vspace should only be used to provide space above/below 
surrounding objects on input line 274.


Class acmart Warning: \vspace should only be used to provide space above/below 
surrounding objects on input line 274.


Class acmart Warning: \vspace should only be used to provide space above/below 
surrounding objects on input line 274.


Overfull \hbox (1.48804pt too wide) in paragraph at lines 274--275
[][][]  
 []


Class acmart Warning: \vspace should only be used to provide space above/below 
surrounding objects on input line 291.


Class acmart Warning: \vspace should only be used to provide space above/below 
surrounding objects on input line 291.


Class acmart Warning: \vspace should only be used to provide space above/below 
surrounding objects on input line 291.


Class acmart Warning: \vspace should only be used to provide space above/below 
surrounding objects on input line 291.


Overfull \hbox (1.48804pt too wide) in paragraph at lines 291--292
[][][]  
 []


Class acmart Warning: \vspace should only be used to provide space above/below 
surrounding objects on input line 305.


Underfull \vbox (badness 2221) has occurred while \output is active []




Class acmart Warning: \vspace should only be used to provide space above/below 
surrounding objects on input line 305.


Class acmart Warning: \vspace should only be used to provide space above/below 
surrounding objects on input line 305.


Class acmart Warning: \vspace should only be used to provide space above/below 
surrounding objects on input line 305.


Overfull \hbox (1.48804pt too wide) in paragraph at lines 305--306
[][][]  
 []

<fig/recall_latency_all.png, id=30, 722.7pt x 433.62pt>
File: fig/recall_latency_all.png Graphic file (type png)
<use fig/recall_latency_all.png>
Package pdftex.def Info: fig/recall_latency_all.png  used on input line 312.
(pdftex.def)             Requested size: 241.14749pt x 144.68962pt.

Class acmart Warning: A possible image without description on input line 315.


Overfull \hbox (5.70332pt too wide) in paragraph at lines 330--332
[]\T1/LinuxLibertineT-TLF/m/n/9 (-20) Latency-Recall Trade-off: As ex-pected, S
SD-based Fil-tered-DiskANN
 []


Class acmart Warning: \vspace should only be used to provide space above/below 
surrounding objects on input line 349.



LaTeX Font Info:    Font shape `T1/LinuxLibertineT-TLF/m/n' will be
(Font)              scaled to size 6.0pt on input line 349.
[2.2
pdfTeX warning (ext4): destination with the same identifier (name{weakness.0.1}
) has been already used, duplicate ignored
<argument> ...shipout:D \box_use:N \l_shipout_box 
                                                  \__shipout_drop_firstpage_...
l.349 }
       
pdfTeX warning (ext4): destination with the same identifier (name{weakness.0.2}
) has been already used, duplicate ignored
<argument> ...shipout:D \box_use:N \l_shipout_box 
                                                  \__shipout_drop_firstpage_...
l.349 }
       
pdfTeX warning (ext4): destination with the same identifier (name{weakness.0.3}
) has been already used, duplicate ignored
<argument> ...shipout:D \box_use:N \l_shipout_box 
                                                  \__shipout_drop_firstpage_...
l.349 }
        <./fig/recall_latency_all.png>]

Class acmart Warning: \vspace should only be used to provide space above/below 
surrounding objects on input line 349.


Class acmart Warning: \vspace should only be used to provide space above/below 
surrounding objects on input line 349.


Class acmart Warning: \vspace should only be used to provide space above/below 
surrounding objects on input line 349.


Overfull \hbox (1.48804pt too wide) in paragraph at lines 349--350
[][][]  
 []


Class acmart Warning: \vspace should only be used to provide space above/below 
surrounding objects on input line 362.


Class acmart Warning: \vspace should only be used to provide space above/below 
surrounding objects on input line 362.


Class acmart Warning: \vspace should only be used to provide space above/below 
surrounding objects on input line 362.


Class acmart Warning: \vspace should only be used to provide space above/below 
surrounding objects on input line 362.


Overfull \hbox (1.48804pt too wide) in paragraph at lines 362--363
[][][]  
 []


Class acmart Warning: \vspace should only be used to provide space above/below 
surrounding objects on input line 378.


Class acmart Warning: \vspace should only be used to provide space above/below 
surrounding objects on input line 378.


Class acmart Warning: \vspace should only be used to provide space above/below 
surrounding objects on input line 378.


Class acmart Warning: \vspace should only be used to provide space above/below 
surrounding objects on input line 378.


Overfull \hbox (1.48804pt too wide) in paragraph at lines 378--379
[][][]  
 []


Class acmart Warning: \vspace should only be used to provide space above/below 
surrounding objects on input line 390.


Class acmart Warning: \vspace should only be used to provide space above/below 
surrounding objects on input line 390.


Class acmart Warning: \vspace should only be used to provide space above/below 
surrounding objects on input line 390.


Class acmart Warning: \vspace should only be used to provide space above/below 
surrounding objects on input line 390.


Overfull \hbox (1.48804pt too wide) in paragraph at lines 390--391
[][][]  
 []


Class acmart Warning: \vspace should only be used to provide space above/below 
surrounding objects on input line 402.


Class acmart Warning: \vspace should only be used to provide space above/below 
surrounding objects on input line 402.


Class acmart Warning: \vspace should only be used to provide space above/below 
surrounding objects on input line 402.


Class acmart Warning: \vspace should only be used to provide space above/below 
surrounding objects on input line 402.


Overfull \hbox (1.48804pt too wide) in paragraph at lines 402--403
[][][]  
 []


Class acmart Warning: \vspace should only be used to provide space above/below 
surrounding objects on input line 422.


pdfTeX warning (ext4): destination with the same identifier (name{weakness.0.1}
) has been already used, duplicate ignored
<to be read again> 
                   \relax 
l.422 }
       

Class acmart Warning: \vspace should only be used to provide space above/below 
surrounding objects on input line 422.


Class acmart Warning: \vspace should only be used to provide space above/below 
surrounding objects on input line 422.


Class acmart Warning: \vspace should only be used to provide space above/below 
surrounding objects on input line 422.


Overfull \hbox (1.48804pt too wide) in paragraph at lines 422--423
[][][]  
 []


Class acmart Warning: \vspace should only be used to provide space above/below 
surrounding objects on input line 433.


pdfTeX warning (ext4): destination with the same identifier (name{weakness.0.2}
) has been already used, duplicate ignored
<to be read again> 
                   \relax 
l.433 }
       

Class acmart Warning: \vspace should only be used to provide space above/below 
surrounding objects on input line 433.


Class acmart Warning: \vspace should only be used to provide space above/below 
surrounding objects on input line 433.


Class acmart Warning: \vspace should only be used to provide space above/below 
surrounding objects on input line 433.


Overfull \hbox (1.48804pt too wide) in paragraph at lines 433--434
[][][]  
 []


Class acmart Warning: \vspace should only be used to provide space above/below 
surrounding objects on input line 446.


pdfTeX warning (ext4): destination with the same identifier (name{weakness.0.3}
) has been already used, duplicate ignored
<to be read again> 
                   \relax 
l.446 }
       

Class acmart Warning: \vspace should only be used to provide space above/below 
surrounding objects on input line 446.


Class acmart Warning: \vspace should only be used to provide space above/below 
surrounding objects on input line 446.


Class acmart Warning: \vspace should only be used to provide space above/below 
surrounding objects on input line 446.


Overfull \hbox (1.48804pt too wide) in paragraph at lines 446--447
[][][]  
 []


Underfull \vbox (badness 10000) has occurred while \output is active []




Class acmart Warning: \vspace should only be used to provide space above/below 
surrounding objects on input line 461.


Class acmart Warning: \vspace should only be used to provide space above/below 
surrounding objects on input line 461.


Class acmart Warning: \vspace should only be used to provide space above/below 
surrounding objects on input line 461.


Class acmart Warning: \vspace should only be used to provide space above/below 
surrounding objects on input line 461.


Overfull \hbox (1.48804pt too wide) in paragraph at lines 461--462
[][][]  
 []


Class acmart Warning: \vspace should only be used to provide space above/below 
surrounding objects on input line 484.


Class acmart Warning: \vspace should only be used to provide space above/below 
surrounding objects on input line 484.


Class acmart Warning: \vspace should only be used to provide space above/below 
surrounding objects on input line 484.


Class acmart Warning: \vspace should only be used to provide space above/below 
surrounding objects on input line 484.


Overfull \hbox (1.48804pt too wide) in paragraph at lines 484--485
[][][]  
 []


Underfull \vbox (badness 10000) has occurred while \output is active []



[3.3{/usr/local/texlive/2025/texmf-dist/fonts/enc/dvips/libertine/lbtn_oexx6f.e
nc}
pdfTeX warning (ext4): destination with the same identifier (name{detailed.0.1}
) has been already used, duplicate ignored
<argument> ...shipout:D \box_use:N \l_shipout_box 
                                                  \__shipout_drop_firstpage_...
l.499 
      
pdfTeX warning (ext4): destination with the same identifier (name{detailed.0.2}
) has been already used, duplicate ignored
<argument> ...shipout:D \box_use:N \l_shipout_box 
                                                  \__shipout_drop_firstpage_...
l.499 
      ]
Overfull \hbox (6.98456pt too wide) in paragraph at lines 515--517
\T1/LinuxLibertineT-TLF/m/n/9 (-20) AND logic. The Vamana-based meth-ods (Fil-t
ered-Va-mana and Stitched-
 []


Class acmart Warning: \vspace should only be used to provide space above/below 
surrounding objects on input line 526.


pdfTeX warning (ext4): destination with the same identifier (name{detailed.0.3}
) has been already used, duplicate ignored
<to be read again> 
                   \relax 
l.526 }
       

Class acmart Warning: \vspace should only be used to provide space above/below 
surrounding objects on input line 526.


Class acmart Warning: \vspace should only be used to provide space above/below 
surrounding objects on input line 526.


Class acmart Warning: \vspace should only be used to provide space above/below 
surrounding objects on input line 526.


Overfull \hbox (1.48804pt too wide) in paragraph at lines 526--527
[][][]  
 []


Class acmart Warning: \vspace should only be used to provide space above/below 
surrounding objects on input line 542.


pdfTeX warning (ext4): destination with the same identifier (name{detailed.0.4}
) has been already used, duplicate ignored
<to be read again> 
                   \relax 
l.542 }
       

Class acmart Warning: \vspace should only be used to provide space above/below 
surrounding objects on input line 542.


Class acmart Warning: \vspace should only be used to provide space above/below 
surrounding objects on input line 542.


Class acmart Warning: \vspace should only be used to provide space above/below 
surrounding objects on input line 542.


Overfull \hbox (1.48804pt too wide) in paragraph at lines 542--543
[][][]  
 []


Underfull \vbox (badness 10000) has occurred while \output is active []




Class acmart Warning: \vspace should only be used to provide space above/below 
surrounding objects on input line 567.


Class acmart Warning: \vspace should only be used to provide space above/below 
surrounding objects on input line 567.


Class acmart Warning: \vspace should only be used to provide space above/below 
surrounding objects on input line 567.


Class acmart Warning: \vspace should only be used to provide space above/below 
surrounding objects on input line 567.


Overfull \hbox (1.48804pt too wide) in paragraph at lines 567--568
[][][]  
 []


Class acmart Warning: Some images may lack descriptions.


Underfull \vbox (badness 10000) has occurred while \output is active []




Package balance Warning: You have called \balance in second column
(balance)                Columns might not be balanced.

[4.4]




Overfull \vbox (16.5pt too high) has occurred while \output is active []


Overfull \vbox (18.624pt too high) has occurred while \output is active []


(/usr/local/texlive/2025/texmf-dist/tex/generic/stringenc/se-pdfdoc.def
File: se-pdfdoc.def 2019/11/29 v1.12 stringenc: PDFDocEncoding
)
(/usr/local/texlive/2025/texmf-dist/tex/generic/stringenc/se-utf8.def
File: se-utf8.def 2019/11/29 v1.12 stringenc: UTF-8
) [5.5]
(./response.aux)
 ***********
LaTeX2e <2024-11-01> patch level 2
L3 programming layer <2025-01-18>
 ***********
Package rerunfilecheck Info: File `response.out' has not changed.
(rerunfilecheck)             Checksum: D41D8CD98F00B204E9800998ECF8427E;0.
 ) 
Here is how much of TeX's memory you used:
 35710 strings out of 473190
 659714 string characters out of 5715800
 1110231 words of memory out of 5000000
 57859 multiletter control sequences out of 15000+600000
 665732 words of font info for 283 fonts, out of 8000000 for 9000
 1302 hyphenation exceptions out of 8191
 98i,11n,131p,1099b,612s stack positions out of 10000i,1000n,20000p,200000b,200000s
</usr/local/texlive/2025/texmf-dist/fonts/type1/public/newtx/LibertineMathMI.
pfb></usr/local/texlive/2025/texmf-dist/fonts/type1/public/newtx/LibertineMathM
I7.pfb></usr/local/texlive/2025/texmf-dist/fonts/type1/public/libertine/LinBiol
inumTB.pfb></usr/local/texlive/2025/texmf-dist/fonts/type1/public/libertine/Lin
LibertineT.pfb></usr/local/texlive/2025/texmf-dist/fonts/type1/public/libertine
/LinLibertineTB.pfb></usr/local/texlive/2025/texmf-dist/fonts/type1/public/libe
rtine/LinLibertineTI.pfb></usr/local/texlive/2025/texmf-dist/fonts/type1/public
/newtx/txsys.pfb>
Output written on response.pdf (5 pages, 545391 bytes).
PDF statistics:
 111 PDF objects out of 1000 (max. 8388607)
 82 compressed objects within 1 object stream
 29 named destinations out of 1000 (max. 500000)
 43042 words of extra memory for PDF output out of 51595 (max. 10000000)

